<?xml version="1.0" encoding="UTF-8"?>
<!-- Generated by org.testng.reporters.JUnitReportReporter -->
<testsuite skipped="0" hostname="DESKTOP-S2ELRE8" name="com.inetbanking.testCases.TC_LoginTest_001" tests="1" failures="0" timestamp="28 Dec 2018 13:47:48 GMT" time="9.172" errors="0">
  <testcase name="LoginTest" time="9.172" classname="com.inetbanking.testCases.TC_LoginTest_001"/>
</testsuite> <!-- com.inetbanking.testCases.TC_LoginTest_001 -->
